<?xml version="1.0" encoding="UTF-8"?>
<!-- Generated by org.testng.reporters.JUnitXMLReporter -->
<testsuite ignored="0" hostname="Farberovs-Air.lan" failures="0" tests="7" name="Default test" time="0.103" errors="0" timestamp="2022-10-27T01:34:14 EDT">
  <testcase classname="test.BaseTest" name="@BeforeTest beforeTest" time="-1.666848854736E9">
    <failure type="org.testng.TestNGException" message="
Parameter &amp;apos;browser&amp;apos; is required by BeforeTest on method beforeTest but has not been marked @Optional or defined
in /private/var/folders/31/tfd_3xg975521cx126stdgtc0000gn/T/testng-eclipse--2135159541/testng-customsuite.xml">
      <![CDATA[org.testng.TestNGException: 
Parameter 'browser' is required by BeforeTest on method beforeTest but has not been marked @Optional or defined
in /private/var/folders/31/tfd_3xg975521cx126stdgtc0000gn/T/testng-eclipse--2135159541/testng-customsuite.xml
at org.testng.internal.Parameters.createParams(Parameters.java:270)
at org.testng.internal.Parameters.createParametersForMethod(Parameters.java:358)
at org.testng.internal.Parameters.createParameters(Parameters.java:700)
at org.testng.internal.Parameters.createConfigurationParameters(Parameters.java:168)
at org.testng.internal.ConfigInvoker.invokeConfigurations(ConfigInvoker.java:302)
at org.testng.TestRunner.invokeTestConfigurations(TestRunner.java:637)
at org.testng.TestRunner.beforeRun(TestRunner.java:627)
at org.testng.TestRunner.run(TestRunner.java:589)
at org.testng.SuiteRunner.runTest(SuiteRunner.java:377)
at org.testng.SuiteRunner.runSequentially(SuiteRunner.java:371)
at org.testng.SuiteRunner.privateRun(SuiteRunner.java:332)
at org.testng.SuiteRunner.run(SuiteRunner.java:276)
at org.testng.SuiteRunnerWorker.runSuite(SuiteRunnerWorker.java:53)
at org.testng.SuiteRunnerWorker.run(SuiteRunnerWorker.java:96)
at org.testng.TestNG.runSuitesSequentially(TestNG.java:1212)
at org.testng.TestNG.runSuitesLocally(TestNG.java:1134)
at org.testng.TestNG.runSuites(TestNG.java:1063)
at org.testng.TestNG.run(TestNG.java:1031)
at org.testng.remote.AbstractRemoteTestNG.run(AbstractRemoteTestNG.java:115)
at org.testng.remote.RemoteTestNG.initAndRun(RemoteTestNG.java:251)
at org.testng.remote.RemoteTestNG.main(RemoteTestNG.java:77)
]]>
    </failure>
  </testcase> <!-- @BeforeTest beforeTest -->
  <testcase classname="test.InventoryPageTest" name="tc10_allItems" time="0.0">
    <skipped/>
  </testcase> <!-- tc10_allItems -->
  <testcase classname="test.InventoryPageTest" name="tc11_about" time="0.0">
    <skipped/>
  </testcase> <!-- tc11_about -->
  <testcase classname="test.InventoryPageTest" name="tc12_logout" time="0.0">
    <skipped/>
  </testcase> <!-- tc12_logout -->
  <testcase classname="test.InventoryPageTest" name="tc13_resetApp" time="0.0">
    <skipped/>
  </testcase> <!-- tc13_resetApp -->
  <testcase classname="test.InventoryPageTest" name="tc14_closeMenu" time="0.0">
    <skipped/>
  </testcase> <!-- tc14_closeMenu -->
  <testcase classname="test.InventoryPageTest" name="tc15_sauceLabsBackpack" time="0.0">
    <skipped/>
  </testcase> <!-- tc15_sauceLabsBackpack -->
  <testcase classname="test.InventoryPageTest" name="tc9_openMenu" time="0.0">
    <skipped/>
  </testcase> <!-- tc9_openMenu -->
</testsuite> <!-- Default test -->
